<?xml version="1.0" encoding="UTF-8"?>
<testng-results ignored="0" total="3" passed="3" failed="0" skipped="0">
  <reporter-output>
  </reporter-output>
  <suite started-at="2025-08-20T05:48:39 IST" name="Default suite" finished-at="2025-08-20T05:48:43 IST" duration-ms="4361">
    <groups>
      <group name="cucumber">
        <method signature="AbstractTestNGCucumberTests.runScenario(io.cucumber.testng.PickleWrapper,io.cucumber.testng.FeatureWrapper)[pri:0, instance:runner.PlaylistRunner@36ebc363]" name="runScenario" class="io.cucumber.testng.AbstractTestNGCucumberTests"/>
      </group> <!-- cucumber -->
    </groups>
    <test started-at="2025-08-20T05:48:39 IST" name="Default test" finished-at="2025-08-20T05:48:43 IST" duration-ms="4361">
      <class name="runner.PlaylistRunner">
        <test-method is-config="true" signature="setUpClass(org.testng.ITestContext)[pri:0, instance:runner.PlaylistRunner@36ebc363]" started-at="2025-08-20T05:48:39 IST" name="setUpClass" finished-at="2025-08-20T05:48:39 IST" duration-ms="263" status="PASS">
          <params>
            <param index="0">
              <value>
                <![CDATA[org.testng.TestRunner@1ce6a9bd]]>
              </value>
            </param>
          </params>
          <reporter-output>
          </reporter-output>
        </test-method> <!-- setUpClass -->
        <test-method signature="runScenario(io.cucumber.testng.PickleWrapper,io.cucumber.testng.FeatureWrapper)[pri:0, instance:runner.PlaylistRunner@36ebc363]" started-at="2025-08-20T05:48:39 IST" name="runScenario" description="Runs Cucumber Scenarios" data-provider="scenarios" finished-at="2025-08-20T05:48:42 IST" duration-ms="3081" status="PASS">
          <params>
            <param index="0">
              <value>
                <![CDATA["verify if create playlist is working"]]>
              </value>
            </param>
            <param index="1">
              <value>
                <![CDATA["validate playlist api's"]]>
              </value>
            </param>
          </params>
          <reporter-output>
          </reporter-output>
        </test-method> <!-- runScenario -->
        <test-method signature="runScenario(io.cucumber.testng.PickleWrapper,io.cucumber.testng.FeatureWrapper)[pri:0, instance:runner.PlaylistRunner@36ebc363]" started-at="2025-08-20T05:48:42 IST" name="runScenario" description="Runs Cucumber Scenarios" data-provider="scenarios" finished-at="2025-08-20T05:48:43 IST" duration-ms="392" status="PASS">
          <params>
            <param index="0">
              <value>
                <![CDATA["verify if fetch playlist functionality"]]>
              </value>
            </param>
            <param index="1">
              <value>
                <![CDATA["validate playlist api's"]]>
              </value>
            </param>
          </params>
          <reporter-output>
          </reporter-output>
        </test-method> <!-- runScenario -->
        <test-method signature="runScenario(io.cucumber.testng.PickleWrapper,io.cucumber.testng.FeatureWrapper)[pri:0, instance:runner.PlaylistRunner@36ebc363]" started-at="2025-08-20T05:48:43 IST" name="runScenario" description="Runs Cucumber Scenarios" data-provider="scenarios" finished-at="2025-08-20T05:48:43 IST" duration-ms="593" status="PASS">
          <params>
            <param index="0">
              <value>
                <![CDATA["verify if update playlist functionality is working"]]>
              </value>
            </param>
            <param index="1">
              <value>
                <![CDATA["validate playlist api's"]]>
              </value>
            </param>
          </params>
          <reporter-output>
          </reporter-output>
        </test-method> <!-- runScenario -->
        <test-method is-config="true" signature="tearDownClass()[pri:0, instance:runner.PlaylistRunner@36ebc363]" started-at="2025-08-20T05:48:43 IST" name="tearDownClass" finished-at="2025-08-20T05:48:43 IST" duration-ms="2" status="PASS">
          <reporter-output>
          </reporter-output>
        </test-method> <!-- tearDownClass -->
      </class> <!-- runner.PlaylistRunner -->
    </test> <!-- Default test -->
  </suite> <!-- Default suite -->
</testng-results>
