<?xml version="1.0" encoding="UTF-8"?>
<!-- Generated by org.testng.reporters.JUnitReportReporter -->
<testsuite hostname="DESKTOP-VQN1EHS" failures="0" tests="3" name="runner.PlaylistRunner" time="4.066" errors="0" timestamp="2025-08-20T05:48:43 IST" skipped="0">
  <testcase classname="runner.PlaylistRunner" name="runScenario" time="0.392"/>
  <system-out/>
  <testcase classname="runner.PlaylistRunner" name="runScenario" time="0.593"/>
  <system-out/>
  <testcase classname="runner.PlaylistRunner" name="runScenario" time="3.081"/>
  <system-out/>
</testsuite> <!-- runner.PlaylistRunner -->
